1 const 1 0
2 const 4 0000
3 const 2 00
4 const 3 001
5 const 4 0001
6 const 1 1
7 const 3 000
8 const 2 11
9 const 7 0000000
10 const 7 1111111
11 const 3 111
12 const 2 01
13 const 4 1101
14 const 4 1010
15 const 4 1100
16 const 15 000000000000000
17 const 5 00000
18 const 5 11111
19 const 8 11111111
20 const 4 1111
21 var 1 1
22 var 2 2
23 var 1 8
24 var 1 10
25 var 1 13
26 var 1 15
27 var 1 17
28 var 2 19
29 var 3 20
30 array 2 4
31 array 4 2
32 array 3 3
33 array 2 1
34 array 4 1
35 array 2 4
36 array 1 2
37 array 1 4
38 array 2 3
39 array 3 3
40 array 2 1
41 array 1 1
42 array 1 1
43 array 2 2
44 array 3 1
45 array 3 1
46 array 1 3
47 array 4 4
48 array 3 4
49 slice 1 25 0 0
50 cond 2 49 8 3
51 concat 3 50 25
52 add 2 -28 12
53 slice 1 28 1 1
54 cond 2 53 52 28
55 udiv 2 54 54
56 add 2 12 -55
57 and 1 53 53
58 and 1 -53 -53
59 and 1 -58 -57
60 cond 2 59 56 55
61 slice 1 60 1 1
62 cond 1 61 6 1
63 concat 3 62 60
64 slice 1 22 0 0
65 and 1 27 -64
66 concat 3 3 65
67 slice 1 29 2 2
68 cond 3 67 66 63
69 udiv 3 68 51
70 eq 1 41 42
71 concat 3 3 70
72 add 3 4 -71
73 slice 1 -65 0 0
74 cond 7 73 10 9
75 concat 8 74 -65
76 srl 8 75 72
77 sll 8 75 71
78 and 8 -77 -76
79 slice 2 -78 3 2
80 concat 3 1 -79
81 add 3 4 80
82 concat 2 1 70
83 concat 3 1 -82
84 add 3 83 81
85 slice 1 84 2 2
86 concat 2 1 85
87 slice 1 86 0 0
88 eq 1 1 87
89 slice 1 86 1 1
90 and 1 89 88
91 concat 2 1 90
92 concat 4 7 -65
93 slice 1 -25 0 0
94 cond 3 93 11 7
95 concat 4 94 -25
96 ult 1 95 -92
97 slice 1 -96 0 0
98 cond 1 97 6 1
99 concat 2 98 -96
100 concat 3 3 27
101 write 2 3 38 100 99
102 write 2 3 101 -66 -91
103 read 2 102 69
104 slice 1 -103 0 0
105 eq 1 1 104
106 slice 1 -103 1 1
107 and 1 106 105
108 concat 4 1 -29
109 add 4 108 5
110 add 3 -29 4
111 concat 3 3 25
112 add 3 111 110
113 concat 4 1 112
114 add 4 113 109
115 slice 1 114 3 3
116 concat 3 3 -115
117 slice 1 116 2 2
118 slice 1 71 2 2
119 and 1 118 117
120 slice 2 116 1 0
121 slice 2 71 1 0
122 ult 1 121 120
123 and 1 122 119
124 and 1 -118 -117
125 and 1 122 124
126 and 1 -125 -123
127 and 1 118 -117
128 and 1 -127 126
129 concat 2 1 128
130 write 2 4 30 92 129
131 read 2 130 14
132 slice 1 -131 0 0
133 eq 1 1 132
134 slice 1 -131 1 1
135 and 1 134 133
136 and 1 135 107
137 and 1 -135 -107
138 and 1 -137 -136
139 ult 1 25 96
140 and 1 115 -139
141 add 3 -112 -51
142 slice 1 141 2 2
143 and 1 142 142
144 slice 2 141 1 0
145 ult 1 144 144
146 and 1 145 143
147 and 1 -142 -142
148 and 1 145 147
149 and 1 -148 -146
150 and 1 142 -142
151 and 1 -150 149
152 and 1 151 -140
153 slice 2 112 2 1
154 add 2 -153 12
155 slice 1 153 1 1
156 cond 2 155 154 153
157 add 2 28 12
158 slice 1 -28 1 1
159 cond 2 158 157 -28
160 urem 2 159 156
161 add 2 12 -160
162 and 1 158 155
163 cond 2 162 161 3
164 add 2 153 160
165 and 1 -158 155
166 cond 2 165 164 3
167 and 2 -166 -163
168 add 2 153 161
169 and 1 158 -155
170 cond 2 169 168 3
171 and 1 -158 -155
172 cond 2 171 160 3
173 and 2 -172 -170
174 and 2 173 167
175 add 2 12 174
176 slice 1 -174 1 1
177 cond 2 176 175 -174
178 slice 1 92 3 3
179 concat 4 7 -26
180 slice 1 179 3 3
181 and 1 180 178
182 slice 3 92 2 0
183 slice 3 179 2 0
184 ult 1 183 182
185 and 1 184 181
186 and 1 -180 -178
187 and 1 184 186
188 and 1 -187 -185
189 and 1 180 -178
190 and 1 -189 188
191 concat 2 1 190
192 add 2 12 191
193 slice 1 -191 1 1
194 cond 2 193 192 -191
195 urem 2 194 177
196 add 2 12 -195
197 and 1 176 193
198 cond 2 197 196 3
199 add 2 -174 195
200 and 1 176 -193
201 cond 2 200 199 3
202 and 2 -201 -198
203 add 2 -174 196
204 and 1 -176 193
205 cond 2 204 203 3
206 and 1 -176 -193
207 cond 2 206 195 3
208 and 2 -207 -205
209 and 2 208 202
210 slice 1 -209 0 0
211 write 4 1 34 -210 14
212 read 4 211 152
213 eq 1 -212 20
214 concat 4 7 96
215 slice 1 115 0 0
216 cond 3 215 11 7
217 concat 4 216 115
218 add 4 217 214
219 slice 2 218 1 0
220 ult 1 99 219
221 slice 1 -220 0 0
222 cond 1 221 6 1
223 concat 2 222 -220
224 write 2 2 43 219 -223
225 read 2 224 99
226 slice 1 225 1 1
227 slice 1 225 0 0
228 and 1 227 226
229 and 1 -227 -226
230 and 1 -229 -228
231 and 1 -230 213
232 and 1 230 -213
233 and 1 -232 -231
234 and 1 233 -138
235 slice 1 139 0 0
236 cond 1 235 6 1
237 concat 2 236 139
238 slice 1 27 0 0
239 cond 1 238 6 1
240 concat 2 239 27
241 write 2 2 43 153 240
242 write 2 2 241 28 -237
243 read 2 242 28
244 slice 1 243 0 0
245 eq 1 1 244
246 slice 1 243 1 1
247 and 1 246 245
248 concat 4 7 -220
249 slice 1 -29 0 0
250 slice 1 -112 2 2
251 and 1 -250 -249
252 slice 1 251 0 0
253 cond 1 252 6 1
254 concat 2 253 251
255 concat 4 7 -23
256 write 2 4 35 -255 254
257 read 2 256 248
258 eq 1 3 257
259 and 1 -258 247
260 and 1 258 -247
261 and 1 -260 -259
262 slice 1 218 1 1
263 and 1 -262 85
264 concat 3 3 -263
265 read 3 39 264
266 eq 1 11 265
267 read 2 33 70
268 slice 1 267 0 0
269 eq 1 1 268
270 slice 1 267 1 1
271 and 1 270 269
272 and 1 271 -266
273 and 1 -272 -261
274 and 1 272 261
275 and 1 -274 -273
276 and 1 275 -234
277 and 1 -275 234
278 and 1 -277 -276
279 read 3 32 111
280 slice 1 279 2 2
281 slice 1 279 1 1
282 slice 1 279 0 0
283 and 1 282 281
284 and 1 -282 -281
285 and 1 -284 -283
286 and 1 285 280
287 and 1 -285 -280
288 and 1 -287 -286
289 add 3 4 -112
290 add 3 289 264
291 eq 1 7 290
292 and 1 291 288
293 add 1 -64 250
294 and 1 -293 -262
295 concat 16 16 -294
296 srl 16 -295 95
297 srl 16 295 95
298 slice 1 -295 15 15
299 cond 16 298 -297 296
300 slice 15 299 14 0
301 eq 1 16 300
302 slice 1 299 15 15
303 and 1 302 301
304 ult 1 28 254
305 slice 1 -304 0 0
306 cond 7 305 10 9
307 concat 8 306 -304
308 sll 8 -307 264
309 slice 1 308 7 7
310 slice 1 308 6 6
311 slice 1 308 5 5
312 slice 1 308 4 4
313 slice 1 308 3 3
314 slice 1 308 2 2
315 slice 1 308 1 1
316 slice 1 308 0 0
317 and 1 316 315
318 and 1 -316 -315
319 and 1 -318 -317
320 and 1 319 314
321 and 1 -319 -314
322 and 1 -321 -320
323 and 1 322 313
324 and 1 -322 -313
325 and 1 -324 -323
326 and 1 325 312
327 and 1 -325 -312
328 and 1 -327 -326
329 and 1 328 311
330 and 1 -328 -311
331 and 1 -330 -329
332 and 1 331 310
333 and 1 -331 -310
334 and 1 -333 -332
335 and 1 334 309
336 and 1 -334 -309
337 and 1 -336 -335
338 and 1 337 -303
339 and 1 338 292
340 eq 1 7 69
341 and 1 -25 -249
342 read 3 44 341
343 eq 1 11 342
344 and 1 343 -340
345 and 1 -343 340
346 and 1 -345 -344
347 add 4 -2 -179
348 eq 1 347 20
349 add 3 4 -141
350 cond 3 142 349 141
351 slice 1 112 2 2
352 cond 3 351 289 112
353 urem 3 352 350
354 add 3 4 -353
355 cond 3 351 354 353
356 slice 1 -355 2 2
357 slice 1 -355 1 1
358 slice 1 -355 0 0
359 and 1 358 357
360 and 1 -358 -357
361 and 1 -360 -359
362 and 1 361 356
363 and 1 -361 -356
364 and 1 -363 -362
365 and 1 -364 348
366 and 1 -365 346
367 and 1 366 339
368 and 1 -367 -278
369 and 1 367 278
370 and 1 -369 -368
371 srl 8 78 141
372 srl 8 -78 141
373 slice 1 78 7 7
374 cond 8 373 -372 371
375 eq 1 -374 19
376 concat 4 1 141
377 concat 5 1 376
378 eq 1 377 18
379 and 1 -378 375
380 and 1 378 -375
381 and 1 -380 -379
382 slice 1 -139 0 0
383 cond 1 382 6 1
384 concat 2 383 -139
385 urem 2 28 384
386 slice 1 -385 1 1
387 slice 1 -385 0 0
388 and 1 387 386
389 and 1 -387 -386
390 and 1 -389 -388
391 concat 6 7 -116
392 slice 1 391 5 5
393 slice 1 391 4 4
394 slice 1 391 3 3
395 slice 1 391 2 2
396 slice 1 391 1 1
397 slice 1 391 0 0
398 and 1 397 396
399 and 1 -397 -396
400 and 1 -399 -398
401 and 1 400 395
402 and 1 -400 -395
403 and 1 -402 -401
404 and 1 403 394
405 and 1 -403 -394
406 and 1 -405 -404
407 and 1 406 393
408 and 1 -406 -393
409 and 1 -408 -407
410 and 1 409 392
411 and 1 -409 -392
412 and 1 -411 -410
413 and 1 -412 -390
414 and 1 413 381
415 and 1 -413 -381
416 and 1 -415 -414
417 slice 1 15 3 3
418 slice 1 15 2 2
419 slice 1 15 1 1
420 slice 1 15 0 0
421 and 1 420 419
422 and 1 -420 -419
423 and 1 -422 -421
424 and 1 423 418
425 and 1 -423 -418
426 and 1 -425 -424
427 and 1 426 417
428 and 1 -426 -417
429 and 1 -428 -427
430 slice 2 13 3 2
431 add 2 12 -430
432 add 2 28 431
433 eq 1 8 432
434 and 1 433 429
435 and 1 -433 -429
436 and 1 -435 -434
437 read 2 40 27
438 slice 1 -437 1 1
439 slice 1 -437 0 0
440 and 1 439 438
441 and 1 -439 -438
442 and 1 -441 -440
443 slice 2 51 1 0
444 eq 1 3 443
445 slice 1 51 2 2
446 and 1 445 444
447 and 1 446 442
448 and 1 -446 -442
449 and 1 -448 -447
450 and 1 -449 -436
451 and 1 -450 -416
452 slice 2 153 1 0
453 slice 1 452 0 0
454 eq 1 1 453
455 slice 1 452 1 1
456 and 1 455 454
457 concat 6 2 28
458 slice 5 457 4 0
459 eq 1 458 17
460 slice 1 457 5 5
461 and 1 460 459
462 and 1 -461 -456
463 slice 3 13 2 0
464 write 1 3 46 -112 -26
465 read 1 464 463
466 write 1 4 37 2 27
467 read 1 466 2
468 and 1 -467 465
469 and 1 468 -462
470 and 1 -151 90
471 and 1 151 -90
472 and 1 -471 -470
473 slice 1 -151 0 0
474 cond 3 473 11 7
475 concat 4 474 -151
476 ult 1 255 475
477 and 1 476 -472
478 concat 3 1 -174
479 slice 2 478 1 0
480 eq 1 3 479
481 slice 1 478 2 2
482 and 1 481 480
483 write 1 1 42 482 128
484 read 1 483 477
485 concat 2 1 21
486 write 1 2 36 485 26
487 read 1 486 -129
488 and 1 487 484
489 and 1 -487 -484
490 and 1 -489 -488
491 slice 1 28 0 0
492 write 1 1 42 -491 251
493 read 1 492 151
494 write 1 1 41 21 64
495 read 1 494 -341
496 and 1 -495 -493
497 and 1 496 490
498 and 1 497 469
499 and 1 -498 -451
500 and 1 -499 370
501 and 1 499 -370
502 and 1 -501 -500
503 write 1 1 41 25 -25
504 read 1 503 293
505 acond 1 2 70 36 36
506 read 1 505 99
507 and 1 506 -504
508 and 1 190 304
509 slice 1 -341 0 0
510 cond 1 509 6 1
511 concat 2 510 -341
512 eq 1 237 -511
513 and 1 512 263
514 and 1 513 508
515 and 1 -514 -507
516 eq 1 8 99
517 concat 2 1 516
518 slice 1 517 1 1
519 cond 2 53 8 3
520 concat 4 519 28
521 add 4 5 520
522 slice 1 -520 3 3
523 cond 4 522 521 -520
524 add 4 5 -255
525 slice 1 255 3 3
526 cond 4 525 524 255
527 udiv 4 526 523
528 add 4 5 -527
529 and 1 525 522
530 and 1 -525 -522
531 and 1 -530 -529
532 cond 4 531 528 527
533 slice 2 -532 1 0
534 eq 1 240 533
535 and 1 534 -190
536 concat 2 1 535
537 slice 1 536 1 1
538 and 1 537 518
539 slice 1 517 0 0
540 slice 1 536 0 0
541 ult 1 540 539
542 and 1 541 538
543 and 1 -537 -518
544 and 1 541 543
545 and 1 -544 -542
546 and 1 537 -518
547 and 1 -546 545
548 and 1 61 -547
549 and 1 477 -548
550 and 1 -477 548
551 and 1 -550 -549
552 slice 1 -68 1 1
553 slice 1 112 0 0
554 and 1 -553 -552
555 slice 1 -534 0 0
556 cond 2 555 8 3
557 concat 3 556 -534
558 eq 1 11 557
559 and 1 558 554
560 and 1 -559 -551
561 and 1 559 551
562 and 1 -561 -560
563 and 1 -562 515
564 slice 1 -13 3 3
565 concat 16 16 293
566 sll 16 565 179
567 slice 4 -566 11 8
568 ult 1 -255 567
569 and 1 -568 564
570 and 1 152 -569
571 and 1 -152 569
572 and 1 -571 -570
573 concat 4 1 463
574 cond 1 53 6 1
575 concat 3 574 28
576 add 3 4 -575
577 slice 1 575 2 2
578 cond 3 577 576 575
579 udiv 3 352 578
580 add 3 4 -579
581 and 1 351 577
582 and 1 -351 -577
583 and 1 -582 -581
584 cond 3 583 580 579
585 concat 4 1 -584
586 add 4 585 573
587 slice 1 586 3 3
588 add 1 6 -210
589 and 1 588 587
590 and 1 589 572
591 slice 1 -78 6 6
592 and 1 535 591
593 and 1 -535 -591
594 and 1 -593 -592
595 slice 1 24 0 0
596 slice 1 -251 0 0
597 and 1 596 -595
598 add 1 -24 6
599 add 1 -251 598
600 slice 1 599 0 0
601 and 1 -600 597
602 and 1 -596 595
603 and 1 600 602
604 and 1 -603 -601
605 and 1 -604 -594
606 and 1 -27 65
607 concat 4 1 -478
608 add 4 5 607
609 concat 4 1 100
610 add 4 609 608
611 slice 1 610 3 3
612 and 1 611 606
613 and 1 612 -605
614 and 1 613 590
615 and 1 -614 563
616 and 1 614 -563
617 and 1 -616 -615
618 cond 2 176 8 3
619 concat 4 618 -174
620 slice 1 619 3 3
621 and 1 180 620
622 slice 3 619 2 0
623 ult 1 622 183
624 and 1 623 621
625 and 1 -180 -620
626 and 1 623 625
627 and 1 -626 -624
628 and 1 -180 620
629 and 1 -628 627
630 eq 1 2 520
631 and 1 -630 -629
632 slice 1 248 3 3
633 slice 1 128 0 0
634 cond 3 633 11 7
635 concat 4 634 128
636 ult 1 92 635
637 slice 1 -636 0 0
638 cond 3 637 11 7
639 concat 4 638 -636
640 slice 1 639 3 3
641 and 1 640 632
642 slice 3 248 2 0
643 slice 3 639 2 0
644 ult 1 643 642
645 and 1 644 641
646 and 1 -640 -632
647 and 1 644 646
648 and 1 -647 -645
649 and 1 640 -632
650 and 1 -649 648
651 mul 1 139 -534
652 and 1 651 650
653 and 1 -651 -650
654 and 1 -653 -652
655 and 1 -654 -631
656 ult 1 -304 21
657 and 1 -27 -128
658 and 1 -657 -656
659 and 1 657 656
660 and 1 -659 -658
661 slice 1 29 1 1
662 and 1 591 661
663 and 1 -591 -661
664 and 1 -663 -662
665 slice 1 635 3 3
666 slice 1 532 3 3
667 and 1 666 665
668 slice 3 635 2 0
669 slice 3 532 2 0
670 ult 1 669 668
671 and 1 670 667
672 and 1 -666 -665
673 and 1 670 672
674 and 1 -673 -671
675 and 1 666 -665
676 and 1 -675 674
677 and 1 -676 664
678 and 1 676 -664
679 and 1 -678 -677
680 and 1 -679 -660
681 and 1 -680 -655
682 concat 4 7 70
683 write 3 4 48 682 68
684 read 3 683 95
685 eq 1 11 684
686 slice 1 70 0 0
687 cond 3 686 11 7
688 concat 4 687 70
689 slice 3 -688 2 0
690 eq 1 7 689
691 slice 1 -688 3 3
692 and 1 691 690
693 concat 4 7 -692
694 write 4 4 47 693 567
695 read 4 694 248
696 eq 1 695 20
697 and 1 696 685
698 write 4 2 31 485 688
699 write 4 2 698 -209 639
700 read 4 699 237
701 slice 1 700 3 3
702 slice 1 700 2 2
703 slice 1 700 1 1
704 slice 1 700 0 0
705 and 1 704 703
706 and 1 -704 -703
707 and 1 -706 -705
708 and 1 707 702
709 and 1 -707 -702
710 and 1 -709 -708
711 and 1 710 701
712 and 1 -710 -701
713 and 1 -712 -711
714 read 3 45 27
715 eq 1 7 714
716 and 1 -715 713
717 and 1 715 -713
718 and 1 -717 -716
719 and 1 -718 -697
720 and 1 719 681
721 and 1 -719 -681
722 and 1 -721 -720
723 and 1 722 -617
724 and 1 723 502
725 root 1 724
