3 const 3 001
5 const 2 00
6 const 2 01
7 const 2 10
8 const 2 11
27 const 3 011
37 const 1 0
39 var 3 counter_0
40 array 8 2
41 const 1 1
42 const 3 000
43 eq 1 39 42
44 and 1 41 43
45 add 3 39 3
46 read 8 40 6
47 read 8 40 5
48 ult 1 46 47
49 write 8 2 40 6 47
50 write 8 2 49 5 46
51 acond 8 2 48 50 40
52 read 8 51 7
53 read 8 51 6
54 ult 1 52 53
55 write 8 2 51 7 53
56 write 8 2 55 6 52
57 acond 8 2 54 56 51
58 read 8 57 8
59 read 8 57 7
60 ult 1 58 59
61 write 8 2 57 8 59
62 write 8 2 61 7 58
63 acond 8 2 60 62 57
64 var 2 pos2_0
65 read 8 40 64
66 var 2 pos1_0
67 read 8 40 66
68 ult 1 65 67
69 eq 1 39 27
70 ult 1 66 64
71 and 1 69 70
72 and 1 68 71
73 and 1 -37 -72
74 var 3 counter_1
75 array 8 2
76 add 3 74 3
77 eq 1 45 74
78 read 8 75 6
79 read 8 75 5
80 ult 1 78 79
81 write 8 2 75 6 79
82 write 8 2 81 5 78
83 acond 8 2 80 82 75
84 read 8 83 7
85 read 8 83 6
86 ult 1 84 85
87 write 8 2 83 7 85
88 write 8 2 87 6 84
89 acond 8 2 86 88 83
90 read 8 89 8
91 read 8 89 7
92 ult 1 90 91
93 write 8 2 89 8 91
94 write 8 2 93 7 90
95 acond 8 2 92 94 89
96 eq 1 63 75
97 var 2 pos2_1
98 read 8 75 97
99 var 2 pos1_1
100 read 8 75 99
101 ult 1 98 100
102 eq 1 74 27
103 ult 1 99 97
104 and 1 102 103
105 and 1 101 104
106 and 1 -37 -105
112 var 3 counter_2
113 array 8 2
115 eq 1 76 112
134 eq 1 95 113
135 var 2 pos2_2
136 read 8 113 135
137 var 2 pos1_2
138 read 8 113 137
139 ult 1 136 138
140 eq 1 112 27
141 ult 1 137 135
142 and 1 140 141
143 and 1 139 142
144 and 1 -37 -143
150 and 1 41 44
151 and 1 150 73
152 and 1 151 77
153 and 1 152 96
154 and 1 153 106
155 and 1 154 115
156 and 1 155 134
157 and 1 156 -144
158 root 1 157
