1 const 32 00000000000000000000000000000000
2 const 32 11111111111111111111111111111110
3 var 32 v2
4 var 32 v1
5 add 32 -3 -2
6 slice 1 3 31 31
7 cond 32 6 5 3
8 add 32 -4 -2
9 slice 1 4 31 31
10 cond 32 9 8 4
11 urem 32 10 7
12 add 32 -2 -11
13 and 1 9 6
14 cond 32 13 12 1
15 add 32 3 11
16 eq 1 1 11
17 and 1 -9 6
18 and 1 17 -16
19 cond 32 18 15 1
20 and 32 -19 -14
21 add 32 3 12
22 and 1 9 -6
23 and 1 22 -16
24 cond 32 23 21 1
25 and 1 -9 -6
26 cond 32 25 11 1
27 and 32 -26 -24
28 and 32 27 20
29 root 32 -28
