1 var 32 v1
2 var 32 v2
3 const 32 00000000000000000000000000000000
5 slice 1 1 31 31
6 slice 1 2 31 31
7 const 32 11111111111111111111111111111110
8 add 32 -1 -7
9 add 32 -2 -7
10 and 1 -5 -6
11 and 1 -5 6
12 and 1 5 -6
13 and 1 5 6
14 cond 32 5 8 1
15 cond 32 6 9 2
16 urem 32 14 15
17 eq 1 3 16
18 add 32 -7 -16
19 add 32 2 18
20 add 32 2 16
23 cond 32 10 16 3
24 and 1 12 -17
25 cond 32 24 19 3
26 and 1 11 -17
27 cond 32 26 20 3
28 cond 32 13 18 3
29 and 32 -23 -25
30 and 32 -27 -28
31 and 32 29 30
32 root 32 -31
