  
/ 1
= 
% 

  0
/ 1
=  
%  

  00
/ 00100
=   
%   

  1
/ 1
= 1
%  

  10
/  1
= 10
%   

  10
/ 10
=  1
%   

  10
/ 11
=   
% 10

  11
/ 10
=  1
%  1

  11
/ 11
=  1
%   

  11
/ 100
=   
% 11

  100
/   1
= 100
%    

  100
/  10
=  10
%    

  100
/  11
=   1
%   1

  100
/ 100
=   1
%    

  101
/ 100
=   1
%   1

  110
/ 100
=   1
%  10

  111
/ 100
=   1
%  11

  100
/ 101
=    
% 100

  101
/ 101
=   1
%    

  110
/ 101
=   1
%   1

  111
/ 101
=   1
%  10

  00011110000
/       01101
=       10010
%         110

